<?xml version="1.0" encoding="UTF-8"?>
<!-- Generated by org.testng.reporters.JUnitXMLReporter -->
<testsuite ignored="0" hostname="Nikhil-PC" failures="0" tests="4" name="Surefire test" time="1.392" errors="0" timestamp="2023-03-31T17:21:26 IST">
  <testcase classname="io.cucumber.testng.AbstractTestNGCucumberTests" name="@BeforeClass setUpClass" time="0.97">
    <failure type="java.lang.IllegalArgumentException" message="path must exist: D:\Testing Shastra\Larkspur22A_FrameWorkDemo\src\test\resources\First.feature">
      <![CDATA[java.lang.IllegalArgumentException: path must exist: D:\Testing Shastra\Larkspur22A_FrameWorkDemo\src\test\resources\First.feature
at io.cucumber.core.resource.PathScanner.findResourcesForPath(PathScanner.java:49)
at io.cucumber.core.resource.PathScanner.findResourcesForUri(PathScanner.java:31)
at io.cucumber.core.resource.ResourceScanner.findResourcesForUri(ResourceScanner.java:61)
at io.cucumber.core.resource.ResourceScanner.scanForResourcesUri(ResourceScanner.java:134)
at io.cucumber.core.runtime.FeaturePathFeatureSupplier.loadFeatures(FeaturePathFeatureSupplier.java:62)
at io.cucumber.core.runtime.FeaturePathFeatureSupplier.get(FeaturePathFeatureSupplier.java:45)
at io.cucumber.testng.TestNGCucumberRunner.<init>(TestNGCucumberRunner.java:122)
at io.cucumber.testng.AbstractTestNGCucumberTests.setUpClass(AbstractTestNGCucumberTests.java:27)
at java.base/java.util.ArrayList.forEach(ArrayList.java:1511)
... Removed 30 stack frames]]>
    </failure>
  </testcase> <!-- @BeforeClass setUpClass -->
  <testcase classname="com.TestingShastra.Larkspur22A_FrameWorkDemo.AppTest" name="tc_01" time="0.12"/>
  <testcase classname="com.TestingShastra.Larkspur22A_FrameWorkDemo.AppTest" name="tc_02" time="0.001"/>
  <testcase classname="com.TestingShastra.Larkspur22A_FrameWorkDemo.AppTest" name="tc_03" time="0.001"/>
  <testcase classname="com.TestingShastra.Larkspur22A_FrameWorkDemo.AppTest" name="tc_04" time="0.001"/>
</testsuite> <!-- Surefire test -->
