<?xml version="1.0" encoding="UTF-8"?>
<!-- Generated by org.testng.reporters.JUnitXMLReporter -->
<testsuite hostname="Nikhil-PC" failures="0" tests="3" name="Test1" time="73.08" errors="0" timestamp="31 Mar 2023 05:01:41 GMT">
  <testcase classname="com.TestingShastra.Larkspur22A_FrameWorkmainDemo.HomepageTests" name="@BeforeMethod launch_Browser" time="0.0">
    <failure type="java.lang.NullPointerException" message="null value in entry: url=null">
      <![CDATA[java.lang.NullPointerException: null value in entry: url=null
	at com.google.common.collect.CollectPreconditions.checkEntryNotNull(CollectPreconditions.java:33)
	at com.google.common.collect.SingletonImmutableBiMap.<init>(SingletonImmutableBiMap.java:43)
	at com.google.common.collect.ImmutableBiMap.of(ImmutableBiMap.java:81)
	at com.google.common.collect.ImmutableMap.of(ImmutableMap.java:128)
	at org.openqa.selenium.remote.DriverCommand.GET(DriverCommand.java:191)
	at org.openqa.selenium.remote.RemoteWebDriver.get(RemoteWebDriver.java:310)
	at com.TestingShastra.Larkspur22A_FrameWorkmainDemo.KeyWord.launchUrl(KeyWord.java:132)
	at com.TestingShastra.Larkspur22A_FrameWorkmainDemo.Testbase.launch_Browser(Testbase.java:37)
	at java.base/java.util.concurrent.ThreadPoolExecutor.runWorker(ThreadPoolExecutor.java:1136)
	at java.base/java.util.concurrent.ThreadPoolExecutor$Worker.run(ThreadPoolExecutor.java:635)
	at java.base/java.lang.Thread.run(Thread.java:833)
... Removed 12 stack frames]]>
    </failure>
  </testcase> <!-- @BeforeMethod launch_Browser -->
  <testcase classname="com.TestingShastra.Larkspur22A_FrameWorkmainDemo.HomepageTests" name="@AfterMethod closeBrowser" time="0.0">
    <skipped/>
  </testcase> <!-- @AfterMethod closeBrowser -->
  <testcase classname="com.TestingShastra.Larkspur22A_FrameWorkmainDemo.HomepageTests" name="@BeforeMethod launch_Browser" time="0.0">
    <skipped/>
  </testcase> <!-- @BeforeMethod launch_Browser -->
  <testcase classname="com.TestingShastra.Larkspur22A_FrameWorkmainDemo.HomepageTests" name="@AfterMethod closeBrowser" time="0.0">
    <skipped/>
  </testcase> <!-- @AfterMethod closeBrowser -->
  <testcase classname="com.TestingShastra.Larkspur22A_FrameWorkmainDemo.HomepageTests" name="@BeforeMethod launch_Browser" time="0.0">
    <skipped/>
  </testcase> <!-- @BeforeMethod launch_Browser -->
  <testcase classname="com.TestingShastra.Larkspur22A_FrameWorkmainDemo.HomepageTests" name="@AfterMethod closeBrowser" time="0.0">
    <skipped/>
  </testcase> <!-- @AfterMethod closeBrowser -->
  <testcase classname="com.TestingShastra.Larkspur22A_FrameWorkmainDemo.HomepageTests" name="@AfterClass endTest" time="0.0">
    <skipped/>
  </testcase> <!-- @AfterClass endTest -->
  <testcase classname="com.TestingShastra.Larkspur22A_FrameWorkmainDemo.HomepageTests" name="afterSelectCarOtherBrandcontainPopularbrand" time="0.004">
    <skipped/>
  </testcase> <!-- afterSelectCarOtherBrandcontainPopularbrand -->
  <testcase classname="com.TestingShastra.Larkspur22A_FrameWorkmainDemo.HomepageTests" name="afterSelectCarOtherBrandcontainPopularbrand1" time="0.003">
    <skipped/>
  </testcase> <!-- afterSelectCarOtherBrandcontainPopularbrand1 -->
  <testcase classname="com.TestingShastra.Larkspur22A_FrameWorkmainDemo.HomepageTests" name="verifyCompareCarsShouldShowAllDetailsOfCar" time="0.004">
    <skipped/>
  </testcase> <!-- verifyCompareCarsShouldShowAllDetailsOfCar -->
</testsuite> <!-- Test1 -->
