<?xml version="1.0" encoding="UTF-8"?>
<!-- Generated by org.testng.reporters.JUnitXMLReporter -->
<testsuite hostname="Nikhil-PC" failures="0" tests="14" name="Test" time="13.917" errors="0" timestamp="31 Mar 2023 04:29:00 GMT">
  <testcase classname="com.TestingShastra.Larkspur22A_FrameWorkmainDemo.IJmeet_TestCases" name="@BeforeMethod launch_Browser" time="0.0">
    <failure type="java.lang.IllegalStateException" message="The path to the driver executable The path to the driver executable must be set by the webdriver.chrome.driver system property; for more information, see https://chromedriver.chromium.org/. The latest version can be downloaded from https://chromedriver.chromium.org/downloads">
      <![CDATA[java.lang.IllegalStateException: The path to the driver executable The path to the driver executable must be set by the webdriver.chrome.driver system property; for more information, see https://chromedriver.chromium.org/. The latest version can be downloaded from https://chromedriver.chromium.org/downloads
	at org.openqa.selenium.internal.Require$StateChecker.nonNull(Require.java:314)
	at org.openqa.selenium.remote.service.DriverService.findExecutable(DriverService.java:148)
	at org.openqa.selenium.chrome.ChromeDriverService.access$000(ChromeDriverService.java:39)
	at org.openqa.selenium.chrome.ChromeDriverService$Builder.findDefaultExecutable(ChromeDriverService.java:233)
	at org.openqa.selenium.remote.service.DriverService$Builder.build(DriverService.java:450)
	at org.openqa.selenium.chrome.ChromeDriverService.createServiceWithConfig(ChromeDriverService.java:142)
	at org.openqa.selenium.chrome.ChromeDriver.<init>(ChromeDriver.java:70)
	at com.TestingShastra.Larkspur22A_FrameWorkmainDemo.KeyWord.openbrowser(KeyWord.java:121)
	at com.TestingShastra.Larkspur22A_FrameWorkmainDemo.Testbase.launch_Browser(Testbase.java:36)
	at java.base/java.util.concurrent.ThreadPoolExecutor.runWorker(ThreadPoolExecutor.java:1136)
	at java.base/java.util.concurrent.ThreadPoolExecutor$Worker.run(ThreadPoolExecutor.java:635)
	at java.base/java.lang.Thread.run(Thread.java:833)
... Removed 12 stack frames]]>
    </failure>
  </testcase> <!-- @BeforeMethod launch_Browser -->
  <testcase classname="com.TestingShastra.Larkspur22A_FrameWorkmainDemo.IJmeet_TestCases" name="@AfterMethod closeBrowser" time="0.0">
    <skipped/>
  </testcase> <!-- @AfterMethod closeBrowser -->
  <testcase classname="com.TestingShastra.Larkspur22A_FrameWorkmainDemo.IJmeet_TestCases" name="@BeforeMethod launch_Browser" time="0.0">
    <skipped/>
  </testcase> <!-- @BeforeMethod launch_Browser -->
  <testcase classname="com.TestingShastra.Larkspur22A_FrameWorkmainDemo.IJmeet_TestCases" name="@AfterMethod closeBrowser" time="0.0">
    <skipped/>
  </testcase> <!-- @AfterMethod closeBrowser -->
  <testcase classname="com.TestingShastra.Larkspur22A_FrameWorkmainDemo.IJmeet_TestCases" name="@BeforeMethod launch_Browser" time="0.0">
    <skipped/>
  </testcase> <!-- @BeforeMethod launch_Browser -->
  <testcase classname="com.TestingShastra.Larkspur22A_FrameWorkmainDemo.IJmeet_TestCases" name="@AfterMethod closeBrowser" time="0.0">
    <skipped/>
  </testcase> <!-- @AfterMethod closeBrowser -->
  <testcase classname="com.TestingShastra.Larkspur22A_FrameWorkmainDemo.IJmeet_TestCases" name="@BeforeMethod launch_Browser" time="0.0">
    <skipped/>
  </testcase> <!-- @BeforeMethod launch_Browser -->
  <testcase classname="com.TestingShastra.Larkspur22A_FrameWorkmainDemo.IJmeet_TestCases" name="@AfterMethod closeBrowser" time="0.0">
    <skipped/>
  </testcase> <!-- @AfterMethod closeBrowser -->
  <testcase classname="com.TestingShastra.Larkspur22A_FrameWorkmainDemo.IJmeet_TestCases" name="@BeforeMethod launch_Browser" time="0.0">
    <skipped/>
  </testcase> <!-- @BeforeMethod launch_Browser -->
  <testcase classname="com.TestingShastra.Larkspur22A_FrameWorkmainDemo.IJmeet_TestCases" name="@AfterMethod closeBrowser" time="0.0">
    <skipped/>
  </testcase> <!-- @AfterMethod closeBrowser -->
  <testcase classname="com.TestingShastra.Larkspur22A_FrameWorkmainDemo.IJmeet_TestCases" name="@BeforeMethod launch_Browser" time="0.0">
    <skipped/>
  </testcase> <!-- @BeforeMethod launch_Browser -->
  <testcase classname="com.TestingShastra.Larkspur22A_FrameWorkmainDemo.IJmeet_TestCases" name="@AfterMethod closeBrowser" time="0.0">
    <skipped/>
  </testcase> <!-- @AfterMethod closeBrowser -->
  <testcase classname="com.TestingShastra.Larkspur22A_FrameWorkmainDemo.IJmeet_TestCases" name="@BeforeMethod launch_Browser" time="0.0">
    <skipped/>
  </testcase> <!-- @BeforeMethod launch_Browser -->
  <testcase classname="com.TestingShastra.Larkspur22A_FrameWorkmainDemo.IJmeet_TestCases" name="@AfterMethod closeBrowser" time="0.0">
    <skipped/>
  </testcase> <!-- @AfterMethod closeBrowser -->
  <testcase classname="com.TestingShastra.Larkspur22A_FrameWorkmainDemo.IJmeet_TestCases" name="@BeforeMethod launch_Browser" time="0.0">
    <skipped/>
  </testcase> <!-- @BeforeMethod launch_Browser -->
  <testcase classname="com.TestingShastra.Larkspur22A_FrameWorkmainDemo.IJmeet_TestCases" name="@AfterMethod closeBrowser" time="0.0">
    <skipped/>
  </testcase> <!-- @AfterMethod closeBrowser -->
  <testcase classname="com.TestingShastra.Larkspur22A_FrameWorkmainDemo.IJmeet_TestCases" name="@BeforeMethod launch_Browser" time="0.0">
    <skipped/>
  </testcase> <!-- @BeforeMethod launch_Browser -->
  <testcase classname="com.TestingShastra.Larkspur22A_FrameWorkmainDemo.IJmeet_TestCases" name="@AfterMethod closeBrowser" time="0.0">
    <skipped/>
  </testcase> <!-- @AfterMethod closeBrowser -->
  <testcase classname="com.TestingShastra.Larkspur22A_FrameWorkmainDemo.IJmeet_TestCases" name="@BeforeMethod launch_Browser" time="0.0">
    <skipped/>
  </testcase> <!-- @BeforeMethod launch_Browser -->
  <testcase classname="com.TestingShastra.Larkspur22A_FrameWorkmainDemo.IJmeet_TestCases" name="@AfterMethod closeBrowser" time="0.0">
    <skipped/>
  </testcase> <!-- @AfterMethod closeBrowser -->
  <testcase classname="com.TestingShastra.Larkspur22A_FrameWorkmainDemo.IJmeet_TestCases" name="@BeforeMethod launch_Browser" time="0.0">
    <skipped/>
  </testcase> <!-- @BeforeMethod launch_Browser -->
  <testcase classname="com.TestingShastra.Larkspur22A_FrameWorkmainDemo.IJmeet_TestCases" name="@AfterMethod closeBrowser" time="0.0">
    <skipped/>
  </testcase> <!-- @AfterMethod closeBrowser -->
  <testcase classname="com.TestingShastra.Larkspur22A_FrameWorkmainDemo.IJmeet_TestCases" name="@AfterClass endTest" time="0.0">
    <skipped/>
  </testcase> <!-- @AfterClass endTest -->
  <testcase classname="com.TestingShastra.Larkspur22A_FrameWorkmainDemo.HomepageTests" name="@BeforeMethod launch_Browser" time="0.0">
    <failure type="java.lang.NullPointerException" message="null value in entry: url=null">
      <![CDATA[java.lang.NullPointerException: null value in entry: url=null
	at com.google.common.collect.CollectPreconditions.checkEntryNotNull(CollectPreconditions.java:33)
	at com.google.common.collect.SingletonImmutableBiMap.<init>(SingletonImmutableBiMap.java:43)
	at com.google.common.collect.ImmutableBiMap.of(ImmutableBiMap.java:81)
	at com.google.common.collect.ImmutableMap.of(ImmutableMap.java:128)
	at org.openqa.selenium.remote.DriverCommand.GET(DriverCommand.java:191)
	at org.openqa.selenium.remote.RemoteWebDriver.get(RemoteWebDriver.java:310)
	at com.TestingShastra.Larkspur22A_FrameWorkmainDemo.KeyWord.launchUrl(KeyWord.java:132)
	at com.TestingShastra.Larkspur22A_FrameWorkmainDemo.Testbase.launch_Browser(Testbase.java:37)
	at java.base/java.util.concurrent.ThreadPoolExecutor.runWorker(ThreadPoolExecutor.java:1136)
	at java.base/java.util.concurrent.ThreadPoolExecutor$Worker.run(ThreadPoolExecutor.java:635)
	at java.base/java.lang.Thread.run(Thread.java:833)
... Removed 12 stack frames]]>
    </failure>
  </testcase> <!-- @BeforeMethod launch_Browser -->
  <testcase classname="com.TestingShastra.Larkspur22A_FrameWorkmainDemo.HomepageTests" name="@AfterMethod closeBrowser" time="0.0">
    <skipped/>
  </testcase> <!-- @AfterMethod closeBrowser -->
  <testcase classname="com.TestingShastra.Larkspur22A_FrameWorkmainDemo.HomepageTests" name="@BeforeMethod launch_Browser" time="0.0">
    <skipped/>
  </testcase> <!-- @BeforeMethod launch_Browser -->
  <testcase classname="com.TestingShastra.Larkspur22A_FrameWorkmainDemo.HomepageTests" name="@AfterMethod closeBrowser" time="0.0">
    <skipped/>
  </testcase> <!-- @AfterMethod closeBrowser -->
  <testcase classname="com.TestingShastra.Larkspur22A_FrameWorkmainDemo.HomepageTests" name="@BeforeMethod launch_Browser" time="0.0">
    <skipped/>
  </testcase> <!-- @BeforeMethod launch_Browser -->
  <testcase classname="com.TestingShastra.Larkspur22A_FrameWorkmainDemo.HomepageTests" name="@AfterMethod closeBrowser" time="0.0">
    <skipped/>
  </testcase> <!-- @AfterMethod closeBrowser -->
  <testcase classname="com.TestingShastra.Larkspur22A_FrameWorkmainDemo.HomepageTests" name="@AfterClass endTest" time="0.0">
    <skipped/>
  </testcase> <!-- @AfterClass endTest -->
  <testcase classname="com.TestingShastra.Larkspur22A_FrameWorkmainDemo.IJmeet_TestCases" name="SignINpage" time="0.005">
    <skipped/>
  </testcase> <!-- SignINpage -->
  <testcase classname="com.TestingShastra.Larkspur22A_FrameWorkmainDemo.IJmeet_TestCases" name="enterlogindetailsandsignin" time="0.008">
    <skipped/>
  </testcase> <!-- enterlogindetailsandsignin -->
  <testcase classname="com.TestingShastra.Larkspur22A_FrameWorkmainDemo.IJmeet_TestCases" name="enterlogindetailsandsigninbyexceldata" time="0.003">
    <skipped/>
  </testcase> <!-- enterlogindetailsandsigninbyexceldata -->
  <testcase classname="com.TestingShastra.Larkspur22A_FrameWorkmainDemo.IJmeet_TestCases" name="enterlogindetailsandsigninbyexceldata" time="0.005">
    <skipped/>
  </testcase> <!-- enterlogindetailsandsigninbyexceldata -->
  <testcase classname="com.TestingShastra.Larkspur22A_FrameWorkmainDemo.IJmeet_TestCases" name="enterlogindetailsandsigninbyexceldata" time="0.006">
    <skipped/>
  </testcase> <!-- enterlogindetailsandsigninbyexceldata -->
  <testcase classname="com.TestingShastra.Larkspur22A_FrameWorkmainDemo.IJmeet_TestCases" name="enterlogindetailsandsigninbyexceldata" time="0.002">
    <skipped/>
  </testcase> <!-- enterlogindetailsandsigninbyexceldata -->
  <testcase classname="com.TestingShastra.Larkspur22A_FrameWorkmainDemo.IJmeet_TestCases" name="enterlogindetailsandsigninbyexceldata" time="0.002">
    <skipped/>
  </testcase> <!-- enterlogindetailsandsigninbyexceldata -->
  <testcase classname="com.TestingShastra.Larkspur22A_FrameWorkmainDemo.IJmeet_TestCases" name="enterlogindetailsandsigninbyexceldata" time="0.001">
    <skipped/>
  </testcase> <!-- enterlogindetailsandsigninbyexceldata -->
  <testcase classname="com.TestingShastra.Larkspur22A_FrameWorkmainDemo.IJmeet_TestCases" name="enterlogindetailsandsigninbyexceldata" time="0.0">
    <skipped/>
  </testcase> <!-- enterlogindetailsandsigninbyexceldata -->
  <testcase classname="com.TestingShastra.Larkspur22A_FrameWorkmainDemo.IJmeet_TestCases" name="quickmeeting" time="0.001">
    <skipped/>
  </testcase> <!-- quickmeeting -->
  <testcase classname="com.TestingShastra.Larkspur22A_FrameWorkmainDemo.IJmeet_TestCases" name="scheduledmeeting" time="0.001">
    <skipped/>
  </testcase> <!-- scheduledmeeting -->
  <testcase classname="com.TestingShastra.Larkspur22A_FrameWorkmainDemo.HomepageTests" name="afterSelectCarOtherBrandcontainPopularbrand" time="0.003">
    <skipped/>
  </testcase> <!-- afterSelectCarOtherBrandcontainPopularbrand -->
  <testcase classname="com.TestingShastra.Larkspur22A_FrameWorkmainDemo.HomepageTests" name="afterSelectCarOtherBrandcontainPopularbrand1" time="0.001">
    <skipped/>
  </testcase> <!-- afterSelectCarOtherBrandcontainPopularbrand1 -->
  <testcase classname="com.TestingShastra.Larkspur22A_FrameWorkmainDemo.HomepageTests" name="verifyCompareCarsShouldShowAllDetailsOfCar" time="0.0">
    <skipped/>
  </testcase> <!-- verifyCompareCarsShouldShowAllDetailsOfCar -->
</testsuite> <!-- Test -->
